[debug] [2024-01-03T04:43:37.447Z] ----------------------------------------------------------------------
[debug] [2024-01-03T04:43:37.450Z] Command:       C:\Program Files\nodejs\node.exe C:\Users\cmari\AppData\Roaming\npm\node_modules\firebase-tools\lib\bin\firebase.js init
[debug] [2024-01-03T04:43:37.450Z] CLI Version:   13.0.2
[debug] [2024-01-03T04:43:37.450Z] Platform:      win32
[debug] [2024-01-03T04:43:37.450Z] Node Version:  v21.5.0
[debug] [2024-01-03T04:43:37.450Z] Time:          Tue Jan 02 2024 22:43:37 GMT-0600 (hora estándar central)
[debug] [2024-01-03T04:43:37.451Z] ----------------------------------------------------------------------
[debug] 
[debug] [2024-01-03T04:43:37.458Z] > command requires scopes: ["email","openid","https://www.googleapis.com/auth/cloudplatformprojects.readonly","https://www.googleapis.com/auth/firebase","https://www.googleapis.com/auth/cloud-platform"]
[debug] [2024-01-03T04:43:37.459Z] > authorizing via signed-in user (cmarianavb@gmail.com)
[info] 
     ######## #### ########  ######## ########     ###     ######  ########
     ##        ##  ##     ## ##       ##     ##  ##   ##  ##       ##
     ######    ##  ########  ######   ########  #########  ######  ######
     ##        ##  ##    ##  ##       ##     ## ##     ##       ## ##
     ##       #### ##     ## ######## ########  ##     ##  ######  ########

You're about to initialize a Firebase project in this directory:

  C:\Users\cmari\OneDrive\Desktop\master-seo\github\estee-lauder

[info] 
=== Project Setup
[info] 
[info] First, let's associate this project directory with a Firebase project.
[info] You can create multiple project aliases by running firebase use --add, 
[info] but for now we'll just set up a default project.
[info] 
[debug] [2024-01-03T04:44:49.335Z] >>> [apiv2][query] GET https://firebase.googleapis.com/v1beta1/projects pageSize=100
[debug] [2024-01-03T04:44:49.783Z] <<< [apiv2][status] GET https://firebase.googleapis.com/v1beta1/projects 200
[debug] [2024-01-03T04:44:49.783Z] <<< [apiv2][body] GET https://firebase.googleapis.com/v1beta1/projects [omitted]
[info] i  Using project estee-lauder-563fa (Estee Lauder) 
[info] 
=== Hosting Setup
[debug] [2024-01-03T04:44:53.402Z] >>> [apiv2][query] GET https://firebase.googleapis.com/v1beta1/projects/estee-lauder-563fa [none]
[debug] [2024-01-03T04:44:53.651Z] <<< [apiv2][status] GET https://firebase.googleapis.com/v1beta1/projects/estee-lauder-563fa 200
[debug] [2024-01-03T04:44:53.651Z] <<< [apiv2][body] GET https://firebase.googleapis.com/v1beta1/projects/estee-lauder-563fa {"projectId":"estee-lauder-563fa","projectNumber":"151153876448","displayName":"Estee Lauder","name":"projects/estee-lauder-563fa","resources":{"hostingSite":"estee-lauder-563fa"},"state":"ACTIVE","etag":"1_61a8a131-6ba1-4ba9-9023-47b5f1b9819a"}
[info] 
[info] Your public directory is the folder (relative to your project directory) that
[info] will contain Hosting assets to be uploaded with firebase deploy. If you
[info] have a build process for your assets, use your build's output directory.
[info] 
[info] +  Wrote public/404.html 
[debug] [2024-01-03T04:45:31.852Z] >>> [apiv2][query] GET https://www.gstatic.com/firebasejs/releases.json [none]
[debug] [2024-01-03T04:45:31.990Z] <<< [apiv2][status] GET https://www.gstatic.com/firebasejs/releases.json 200
[debug] [2024-01-03T04:45:31.990Z] <<< [apiv2][body] GET https://www.gstatic.com/firebasejs/releases.json {"current":{"version":"10.7.1","browserURL":"https://www.gstatic.com/firebasejs/10.7.1/firebase.js","packageURL":"https://www.gstatic.com/firebasejs/10.7.1/firebase.tgz"},"live":{"version":"10.7","browserURL":"https://www.gstatic.com/firebasejs/live/10.7/firebase.js","packageURL":"https://www.gstatic.com/firebasejs/live/10.7/firebase.tgz"},"components":{"analytics":"https://www.gstatic.com/firebasejs/10.7.1/firebase-analytics.js","app":"https://www.gstatic.com/firebasejs/10.7.1/firebase-app.js","app-check":"https://www.gstatic.com/firebasejs/10.7.1/firebase-app-check.js","auth":"https://www.gstatic.com/firebasejs/10.7.1/firebase-auth.js","auth/cordova":"https://www.gstatic.com/firebasejs/10.7.1/firebase-auth/cordova.js","functions":"https://www.gstatic.com/firebasejs/10.7.1/firebase-functions.js","firestore":"https://www.gstatic.com/firebasejs/10.7.1/firebase-firestore.js","firestore/lite":"https://www.gstatic.com/firebasejs/10.7.1/firebase-firestore/lite.js","installations":"https://www.gstatic.com/firebasejs/10.7.1/firebase-installations.js","storage":"https://www.gstatic.com/firebasejs/10.7.1/firebase-storage.js","performance":"https://www.gstatic.com/firebasejs/10.7.1/firebase-performance.js","remote-config":"https://www.gstatic.com/firebasejs/10.7.1/firebase-remote-config.js","messaging":"https://www.gstatic.com/firebasejs/10.7.1/firebase-messaging.js","messaging/sw":"https://www.gstatic.com/firebasejs/10.7.1/firebase-messaging/sw.js","database":"https://www.gstatic.com/firebasejs/10.7.1/firebase-database.js","firestore.memory":"https://www.gstatic.com/firebasejs/10.7.1/firebase-firestore.memory.js"}}
[info] +  Wrote public/index.html 
[info] 
[info] i  Didn't detect a .git folder. Assuming C:\Users\cmari\OneDrive\Desktop\master-seo\github\estee-lauder is the project root. 
[info] i  Authorizing with GitHub to upload your service account to a GitHub repository's secrets store. 
[info] 
[info] Visit this URL on this device to log in:
[info] https://github.com/login/oauth/authorize?client_id=89cf50f02ac6aaed3484&state=514306651&redirect_uri=http%3A%2F%2Flocalhost%3A9005&scope=read%3Auser%20repo%20public_repo
[info] 
[info] Waiting for authentication...
[debug] [2024-01-03T04:45:44.159Z] >>> [apiv2][query] POST https://github.com/login/oauth/access_token [none]
[debug] [2024-01-03T04:45:44.159Z] >>> [apiv2][body] POST https://github.com/login/oauth/access_token [stream]
[debug] [2024-01-03T04:45:44.489Z] <<< [apiv2][status] POST https://github.com/login/oauth/access_token 200
[debug] [2024-01-03T04:45:44.490Z] <<< [apiv2][body] POST https://github.com/login/oauth/access_token {"access_token":"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","token_type":"bearer","scope":"read:user,repo"}
[debug] [2024-01-03T04:45:44.521Z] >>> [apiv2][query] GET https://api.github.com/user [none]
[debug] [2024-01-03T04:45:44.932Z] <<< [apiv2][status] GET https://api.github.com/user 200
[debug] [2024-01-03T04:45:44.932Z] <<< [apiv2][body] GET https://api.github.com/user {"login":"MarianaValdesB","id":88781386,"node_id":"MDQ6VXNlcjg4NzgxMzg2","avatar_url":"https://avatars.githubusercontent.com/u/88781386?v=4","gravatar_id":"","url":"https://api.github.com/users/MarianaValdesB","html_url":"https://github.com/MarianaValdesB","followers_url":"https://api.github.com/users/MarianaValdesB/followers","following_url":"https://api.github.com/users/MarianaValdesB/following{/other_user}","gists_url":"https://api.github.com/users/MarianaValdesB/gists{/gist_id}","starred_url":"https://api.github.com/users/MarianaValdesB/starred{/owner}{/repo}","subscriptions_url":"https://api.github.com/users/MarianaValdesB/subscriptions","organizations_url":"https://api.github.com/users/MarianaValdesB/orgs","repos_url":"https://api.github.com/users/MarianaValdesB/repos","events_url":"https://api.github.com/users/MarianaValdesB/events{/privacy}","received_events_url":"https://api.github.com/users/MarianaValdesB/received_events","type":"User","site_admin":false,"name":null,"company":null,"blog":"","location":null,"email":null,"hireable":null,"bio":null,"twitter_username":null,"public_repos":1,"public_gists":0,"followers":1,"following":0,"created_at":"2021-08-11T12:58:02Z","updated_at":"2023-11-16T06:48:51Z","private_gists":0,"total_private_repos":3,"owned_private_repos":3,"disk_usage":63459,"collaborators":3,"two_factor_authentication":false,"plan":{"name":"free","space":976562499,"collaborators":0,"private_repos":10000}}
[info] 
[info] +  Success! Logged into GitHub as MarianaValdesB 
[info] 
[debug] [2024-01-03T04:46:16.110Z] >>> [apiv2][query] GET https://api.github.com/repos/repository/actions/secrets/public-key type=owner
[debug] [2024-01-03T04:46:16.385Z] <<< [apiv2][status] GET https://api.github.com/repos/repository/actions/secrets/public-key 404
[debug] [2024-01-03T04:46:16.385Z] <<< [apiv2][body] GET https://api.github.com/repos/repository/actions/secrets/public-key {"message":"Not Found","documentation_url":"https://docs.github.com/rest"}
[info] 
[info] 
[error] !  The provided authorization cannot be used with this repository. If this repository is in an organization, did you remember to grant access? 
[info] 
[info] i  Action required: Visit this URL to ensure access has been granted to the appropriate organization(s) for the Firebase CLI GitHub OAuth App: 
[info] https://github.com/settings/connections/applications/89cf50f02ac6aaed3484
[info] 
[debug] [2024-01-03T04:46:36.966Z] >>> [apiv2][query] GET https://api.github.com/repos//actions/secrets/public-key type=owner
[debug] [2024-01-03T04:46:37.237Z] <<< [apiv2][status] GET https://api.github.com/repos//actions/secrets/public-key 404
[debug] [2024-01-03T04:46:37.237Z] <<< [apiv2][body] GET https://api.github.com/repos//actions/secrets/public-key {"message":"Not Found","documentation_url":"https://docs.github.com/rest"}
[info] 
[info] 
[error] !  The provided authorization cannot be used with this repository. If this repository is in an organization, did you remember to grant access? 
[info] 
[info] i  Action required: Visit this URL to ensure access has been granted to the appropriate organization(s) for the Firebase CLI GitHub OAuth App: 
[info] https://github.com/settings/connections/applications/89cf50f02ac6aaed3484
[info] 
